<?xml version="1.0" encoding="UTF-8"?>
<testng-results ignored="0" total="1" passed="1" failed="0" skipped="0">
  <reporter-output>
  </reporter-output>
  <suite started-at="2022-09-20T21:11:59 ART" name="Default suite" finished-at="2022-09-20T21:11:59 ART" duration-ms="30">
    <groups>
    </groups>
    <test started-at="2022-09-20T21:11:59 ART" name="Default test" finished-at="2022-09-20T21:11:59 ART" duration-ms="30">
      <class name="edit.EducacionIT23082022.laboratorio13">
        <test-method is-config="true" signature="abrirPagina()[pri:0, instance:edit.EducacionIT23082022.laboratorio13@11392934]" started-at="2022-09-20T21:11:52 ART" name="abrirPagina" finished-at="2022-09-20T21:11:59 ART" duration-ms="7192" status="PASS">
          <reporter-output>
          </reporter-output>
        </test-method> <!-- abrirPagina -->
        <test-method signature="test1()[pri:0, instance:edit.EducacionIT23082022.laboratorio13@11392934]" started-at="2022-09-20T21:11:59 ART" name="test1" finished-at="2022-09-20T21:11:59 ART" duration-ms="4" status="PASS">
          <reporter-output>
          </reporter-output>
        </test-method> <!-- test1 -->
      </class> <!-- edit.EducacionIT23082022.laboratorio13 -->
    </test> <!-- Default test -->
  </suite> <!-- Default suite -->
</testng-results>
